<?xml version="1.0" encoding="UTF-8"?>
<testng-results skipped="0" failed="1" ignored="0" total="5" passed="4">
  <reporter-output>
  </reporter-output>
  <suite name="Default suite" duration-ms="19458" started-at="2017-02-23T01:03:19Z" finished-at="2017-02-23T01:03:39Z">
    <groups>
    </groups>
    <test name="Default test" duration-ms="19458" started-at="2017-02-23T01:03:19Z" finished-at="2017-02-23T01:03:39Z">
      <class name="Test.LaunchDriver">
        <test-method status="FAIL" signature="launchDriverA()[pri:0, instance:Test.LaunchDriver@75ed9710]" name="launchDriverA" duration-ms="5143" started-at="2017-02-22T20:03:19Z" finished-at="2017-02-22T20:03:24Z">
          <exception class="org.openqa.selenium.NoSuchElementException">
            <message>
              <![CDATA[Unable to locate element: .//*[@id='item-section-099492']/li[2]/div/div/div[2]/h3
For documentation on this error, please visit: http://seleniumhq.org/exceptions/no_such_element.html
Build info: version: 'unknown', revision: '86a5d70', time: '2017-02-16 07:47:51 -0800'
System info: host: 'DANIEL-PTL', ip: '10.132.210.223', os.name: 'Windows 10', os.arch: 'amd64', os.version: '10.0', java.version: '1.8.0_121'
Driver info: org.openqa.selenium.firefox.FirefoxDriver
Capabilities [{rotatable=false, raisesAccessibilityExceptions=false, marionette=true, appBuildId=20170125094131, version=, platform=XP, proxy={}, command_id=1, specificationLevel=0, acceptSslCerts=false, processId=11676, browserVersion=51.0.1, platformVersion=10.0, XULappId={ec8030f7-c20a-464f-9b0e-13a3a9e97384}, browserName=firefox, takesScreenshot=true, takesElementScreenshot=true, platformName=windows_nt, firefox_profile=UEsDBBQACAgIAGagVkoAAAAAAAAAA...}]
Session ID: 92b7fa96-15d3-44dc-80c4-269665f99721
*** Element info: {Using=xpath, value=.//*[@id='item-section-099492']/li[2]/div/div/div[2]/h3}]]>
            </message>
            <full-stacktrace>
              <![CDATA[org.openqa.selenium.NoSuchElementException: Unable to locate element: .//*[@id='item-section-099492']/li[2]/div/div/div[2]/h3
For documentation on this error, please visit: http://seleniumhq.org/exceptions/no_such_element.html
Build info: version: 'unknown', revision: '86a5d70', time: '2017-02-16 07:47:51 -0800'
System info: host: 'DANIEL-PTL', ip: '10.132.210.223', os.name: 'Windows 10', os.arch: 'amd64', os.version: '10.0', java.version: '1.8.0_121'
Driver info: org.openqa.selenium.firefox.FirefoxDriver
Capabilities [{rotatable=false, raisesAccessibilityExceptions=false, marionette=true, appBuildId=20170125094131, version=, platform=XP, proxy={}, command_id=1, specificationLevel=0, acceptSslCerts=false, processId=11676, browserVersion=51.0.1, platformVersion=10.0, XULappId={ec8030f7-c20a-464f-9b0e-13a3a9e97384}, browserName=firefox, takesScreenshot=true, takesElementScreenshot=true, platformName=windows_nt, firefox_profile=UEsDBBQACAgIAGagVkoAAAAAAAAAA...}]
Session ID: 92b7fa96-15d3-44dc-80c4-269665f99721
*** Element info: {Using=xpath, value=.//*[@id='item-section-099492']/li[2]/div/div/div[2]/h3}
	at sun.reflect.NativeConstructorAccessorImpl.newInstance0(Native Method)
	at sun.reflect.NativeConstructorAccessorImpl.newInstance(Unknown Source)
	at sun.reflect.DelegatingConstructorAccessorImpl.newInstance(Unknown Source)
	at java.lang.reflect.Constructor.newInstance(Unknown Source)
	at org.openqa.selenium.remote.http.W3CHttpResponseCodec.createException(W3CHttpResponseCodec.java:127)
	at org.openqa.selenium.remote.http.W3CHttpResponseCodec.decode(W3CHttpResponseCodec.java:93)
	at org.openqa.selenium.remote.http.W3CHttpResponseCodec.decode(W3CHttpResponseCodec.java:42)
	at org.openqa.selenium.remote.HttpCommandExecutor.execute(HttpCommandExecutor.java:163)
	at org.openqa.selenium.remote.service.DriverCommandExecutor.execute(DriverCommandExecutor.java:82)
	at org.openqa.selenium.remote.RemoteWebDriver.execute(RemoteWebDriver.java:601)
	at org.openqa.selenium.remote.RemoteWebDriver.findElement(RemoteWebDriver.java:368)
	at org.openqa.selenium.remote.RemoteWebDriver.findElementByXPath(RemoteWebDriver.java:473)
	at org.openqa.selenium.By$ByXPath.findElement(By.java:361)
	at org.openqa.selenium.remote.RemoteWebDriver.findElement(RemoteWebDriver.java:360)
	at org.openqa.selenium.support.pagefactory.DefaultElementLocator.findElement(DefaultElementLocator.java:69)
	at org.openqa.selenium.support.pagefactory.internal.LocatingElementHandler.invoke(LocatingElementHandler.java:38)
	at com.sun.proxy.$Proxy5.isDisplayed(Unknown Source)
	at Pages.YouTubeResultsPage.isVideoTwoDisplayed(YouTubeResultsPage.java:24)
	at Test.LaunchDriver.launchDriverA(LaunchDriver.java:33)
	at sun.reflect.NativeMethodAccessorImpl.invoke0(Native Method)
	at sun.reflect.NativeMethodAccessorImpl.invoke(Unknown Source)
	at sun.reflect.DelegatingMethodAccessorImpl.invoke(Unknown Source)
	at java.lang.reflect.Method.invoke(Unknown Source)
	at org.testng.internal.MethodInvocationHelper.invokeMethod(MethodInvocationHelper.java:104)
	at org.testng.internal.Invoker.invokeMethod(Invoker.java:645)
	at org.testng.internal.Invoker.invokeTestMethod(Invoker.java:851)
	at org.testng.internal.Invoker.invokeTestMethods(Invoker.java:1177)
	at org.testng.internal.TestMethodWorker.invokeTestMethods(TestMethodWorker.java:129)
	at org.testng.internal.TestMethodWorker.run(TestMethodWorker.java:112)
	at org.testng.TestRunner.privateRun(TestRunner.java:756)
	at org.testng.TestRunner.run(TestRunner.java:610)
	at org.testng.SuiteRunner.runTest(SuiteRunner.java:387)
	at org.testng.SuiteRunner.runSequentially(SuiteRunner.java:382)
	at org.testng.SuiteRunner.privateRun(SuiteRunner.java:340)
	at org.testng.SuiteRunner.run(SuiteRunner.java:289)
	at org.testng.SuiteRunnerWorker.runSuite(SuiteRunnerWorker.java:52)
	at org.testng.SuiteRunnerWorker.run(SuiteRunnerWorker.java:86)
	at org.testng.TestNG.runSuitesSequentially(TestNG.java:1293)
	at org.testng.TestNG.runSuitesLocally(TestNG.java:1218)
	at org.testng.TestNG.runSuites(TestNG.java:1133)
	at org.testng.TestNG.run(TestNG.java:1104)
	at org.testng.remote.AbstractRemoteTestNG.run(AbstractRemoteTestNG.java:132)
	at org.testng.remote.RemoteTestNG.initAndRun(RemoteTestNG.java:236)
	at org.testng.remote.RemoteTestNG.main(RemoteTestNG.java:81)
]]>
            </full-stacktrace>
          </exception> <!-- org.openqa.selenium.NoSuchElementException -->
          <reporter-output>
          </reporter-output>
        </test-method> <!-- launchDriverA -->
        <test-method status="PASS" signature="launchDriverB()[pri:0, instance:Test.LaunchDriver@75ed9710]" name="launchDriverB" duration-ms="3463" started-at="2017-02-22T20:03:24Z" finished-at="2017-02-22T20:03:28Z">
          <reporter-output>
          </reporter-output>
        </test-method> <!-- launchDriverB -->
        <test-method status="PASS" signature="launchDriverC()[pri:0, instance:Test.LaunchDriver@75ed9710]" name="launchDriverC" duration-ms="3483" started-at="2017-02-22T20:03:28Z" finished-at="2017-02-22T20:03:31Z">
          <reporter-output>
          </reporter-output>
        </test-method> <!-- launchDriverC -->
        <test-method status="PASS" signature="launchDriverChain()[pri:0, instance:Test.LaunchDriver@75ed9710]" name="launchDriverChain" duration-ms="3213" started-at="2017-02-22T20:03:31Z" finished-at="2017-02-22T20:03:35Z">
          <reporter-output>
          </reporter-output>
        </test-method> <!-- launchDriverChain -->
        <test-method status="PASS" signature="launchDriverD()[pri:0, instance:Test.LaunchDriver@75ed9710]" name="launchDriverD" duration-ms="4094" started-at="2017-02-22T20:03:35Z" finished-at="2017-02-22T20:03:39Z">
          <reporter-output>
          </reporter-output>
        </test-method> <!-- launchDriverD -->
      </class> <!-- Test.LaunchDriver -->
    </test> <!-- Default test -->
  </suite> <!-- Default suite -->
</testng-results>
