<?xml version="1.0" encoding="UTF-8"?>
<!-- Generated by org.testng.reporters.JUnitXMLReporter -->
<testsuite hostname="Daniel-PTL" ignored="1" name="GRP-grop1" tests="1" failures="0" timestamp="24 feb 2017 00:42:39 GMT" time="0.07" errors="0">
  <testcase name="Login" time="0.028" classname="com.BootCampDT.Globan.validationAnnotations"/>
  <testcase name="Search" time="0.0" classname="com.BootCampDT.Globan.validationAnnotations">
    <ignored/>
  </testcase> <!-- Search -->
</testsuite> <!-- GRP-grop1 -->
